-------------------------------------------------------------------------------
Test set: oy.tol.tira.books.PerformanceTests
-------------------------------------------------------------------------------
Tests run: 1, Failures: 1, Errors: 0, Skipped: 0, Time elapsed: 0 s <<< FAILURE! - in oy.tol.tira.books.PerformanceTests
handleTestFiles  Time elapsed: 0 s  <<< FAILURE!
org.opentest4j.AssertionFailedError: Could not write test output file: Cannot invoke "java.net.URL.getFile()" because the return value of "java.lang.ClassLoader.getResource(String)" is null
	at oy.tol.tira.books.PerformanceTests.handleTestFiles(PerformanceTests.java:94)

