<?xml version="1.0" encoding="UTF-8"?>
<testsuite xmlns:xsi="http://www.w3.org/2001/XMLSchema-instance" xsi:noNamespaceSchemaLocation="https://maven.apache.org/surefire/maven-surefire-plugin/xsd/surefire-test-report.xsd" name="oy.tol.tira.books.PerformanceTests" time="0" tests="1" errors="0" skipped="0" failures="1">
  <properties>
[...]
</properties>
  <testcase name="handleTestFiles" classname="oy.tol.tira.books.PerformanceTests" time="0">
    <failure message="Could not write test output file: Cannot invoke &quot;java.net.URL.getFile()&quot; because the return value of &quot;java.lang.ClassLoader.getResource(String)&quot; is null" type="org.opentest4j.AssertionFailedError">org.opentest4j.AssertionFailedError: Could not write test output file: Cannot invoke "java.net.URL.getFile()" because the return value of "java.lang.ClassLoader.getResource(String)" is null
	at oy.tol.tira.books.PerformanceTests.handleTestFiles(PerformanceTests.java:94)
</failure>
    <system-out><![CDATA[==> Starting to analyse book word.txt
]]></system-out>
  </testcase>
</testsuite>