<?xml version="1.0" encoding="UTF-8"?>
<testsuite xmlns:xsi="http://www.w3.org/2001/XMLSchema-instance" xsi:noNamespaceSchemaLocation="https://maven.apache.org/surefire/maven-surefire-plugin/xsd/surefire-test-report.xsd" name="oy.tol.tra.SSNTests" time="0.036" tests="3" errors="0" skipped="0" failures="0">
  <properties>
[...]
</properties>
  <testcase name="testSSNTests" classname="oy.tol.tra.SSNTests" time="0.028"/>
  <testcase name="invalidSSNTests" classname="oy.tol.tra.SSNTests" time="0.001"/>
  <testcase name="validSSNTests" classname="oy.tol.tra.SSNTests" time="0.002"/>
</testsuite>